2025-06-10 21:56:34,159 - INFO - MobileNetV2 Embedder for Deep Sort initialised
2025-06-10 21:56:34,159 - INFO - - gpu enabled: False
2025-06-10 21:56:34,159 - INFO - - half precision: False
2025-06-10 21:56:34,159 - INFO - - max batch size: 16
2025-06-10 21:56:34,159 - INFO - - expects BGR: True
2025-06-10 21:56:34,203 - INFO - DeepSort Tracker initialised
2025-06-10 21:56:34,203 - INFO - - max age: 30
2025-06-10 21:56:34,203 - INFO - - appearance threshold: 0.2
2025-06-10 21:56:34,203 - INFO - - nms threshold: OFF
2025-06-10 21:56:34,204 - INFO - - max num of appearance features: None
2025-06-10 21:56:34,204 - INFO - - overriding track class : No
2025-06-10 21:56:34,204 - INFO - - today given : No
2025-06-10 21:56:34,204 - INFO - - in-build embedder : Yes
2025-06-10 21:56:34,204 - INFO - - polygon detections : No
2025-06-10 21:56:34,272 - INFO - MobileNetV2 Embedder for Deep Sort initialised
2025-06-10 21:56:34,272 - INFO - - gpu enabled: False
2025-06-10 21:56:34,272 - INFO - - half precision: False
2025-06-10 21:56:34,272 - INFO - - max batch size: 16
2025-06-10 21:56:34,272 - INFO - - expects BGR: True
2025-06-10 21:56:34,314 - INFO - DeepSort Tracker initialised
2025-06-10 21:56:34,315 - INFO - - max age: 30
2025-06-10 21:56:34,315 - INFO - - appearance threshold: 0.2
2025-06-10 21:56:34,315 - INFO - - nms threshold: OFF
2025-06-10 21:56:34,315 - INFO - - max num of appearance features: None
2025-06-10 21:56:34,315 - INFO - - overriding track class : No
2025-06-10 21:56:34,315 - INFO - - today given : No
2025-06-10 21:56:34,315 - INFO - - in-build embedder : Yes
2025-06-10 21:56:34,315 - INFO - - polygon detections : No
